处理第1个数据集
    2019年  祖国  总支  题为  大湾  金属  2019年度  校区  社会工作  ...  股份有限公司  意向  2014年度  2013  连续  三年  思想政治教育  校庆  年会
0       0   0   0   0   0   0       0   0     0  ...       0   0       0     0   0   0       0   0   6
0       0   0   0   0   0   0       0   0     0  ...       0   0       0     0   0   0       0   0   6
0       0   0   0   0   0   0       0   0     0  ...       0   0       0     0   0   0       0   0   6
0       0   0   0   0   0   0       0   0     0  ...       0   0       0     0   0   0       0   0   1
0       0   0   0   0   0   0       0   0     0  ...       0   0       0     0   0   0       0   0   1
..    ...  ..  ..  ..  ..  ..     ...  ..   ...  ...     ...  ..     ...   ...  ..  ..     ...  ..  ..
0       0   0   0   0   0   0       0   0     0  ...       0   0       0     0   0   0       0   0   4
0       0   0   0   0   0   0       0   0     0  ...       0   0       0     0   0   0       0   0   1
0       0   0   0   0   0   0       0   0     0  ...       0   0       0     0   0   0       0   0   1
0       0   0   0   0   0   0       0   0     0  ...       0   0       0     0   0   0       0   0   1
0       0   0   0   0   0   0       0   0     0  ...       0   0       0     0   0   0       0   0   2

[100 rows x 1534 columns]

该粗糙集所有条件属性的一个约简为：
 [211, 406, 426, 571, 578, 609, 642, 646, 668, 695, 702, 716, 750, 756, 768, 781, 790, 792, 834, 840, 886, 895, 940, 961, 993, 1010, 1020, 1056, 1061, 1065, 1067, 1103, 1138, 1149, 1175, 1199, 1214, 1230, 1241, 1259, 1313, 1341, 1404, 1433, 1518]

对应的关键词为：
中共 技巧 当选 青春 干部 银行 医院 校园 教材 在校 录入 信息化 中央 开幕式 图书 卫生 激光 奖金 保障 政治  恢复 家庭 查收 中国政治 全球 继续 停课 赴韩 心理辅导 选修课 生物医学工程 下载 教育部 冠军 迎新 退学 科学 技术 汉语 交换 填写 分会 加州大学 人选 7日 统一

[211, 406, 426, 571, 578, 609, 642, 646, 668, 695, 702, 716, 750, 756, 768, 781, 790, 792, 834, 840, 886, 895, 940, 961, 993, 1010, 1020, 1056, 1061, 1065, 1067, 1103, 1138, 1149, 1175, 1199, 1214, 1230, 1241, 1259, 1313, 1341, 1404, 1433, 1518]
处理第2个数据集
    2019年  祖国  总支  题为  大湾  金属  2019年度  校区  社会工作  ...  股份有限公司  意向  2014年度  2013  连续  三年  思想政治教育  校庆  年会
0       0   0   0   0   0   0       0   0     0  ...       0   0       0     0   0   0       0   0   2
0       0   0   0   0   0   0       0   0     0  ...       0   0       0     0   0   0       0   0   3
0       0   0   0   0   0   0       0   0     0  ...       0   0       0     0   0   0       0   0   1
0       0   0   0   0   0   0       0   0     0  ...       0   0       0     0   0   0       0   0   1
0       0   0   0   0   0   0       0   0     0  ...       0   0       0     0   0   0       0   0   1
..    ...  ..  ..  ..  ..  ..     ...  ..   ...  ...     ...  ..     ...   ...  ..  ..     ...  ..  ..
0       0   0   0   0   0   0       0   0     0  ...       0   0       0     0   0   0       0   0   6
0       0   0   0   0   0   0       0   0     0  ...       0   0       0     0   0   0       0   0   3
0       0   0   0   0   0   0       0   0     0  ...       0   0       0     0   0   0       0   0   5
0       0   0   0   0   0   0       0   0     0  ...       0   0       0     0   0   0       0   0   2
0       0   0   0   0   0   0       0   0     0  ...       0   0       0     0   0   0       0   0   6

[100 rows x 1534 columns]

该粗糙集所有条件属性的一个约简为：
 [414, 424, 480, 556, 563, 590, 591, 593, 604, 626, 632, 670, 679, 682, 699, 702, 739, 750, 760, 781, 806, 810, 832, 834, 844, 883, 919, 937, 1019, 1059, 1114, 1123, 1183, 1221, 1231, 1277, 1318, 1321, 1332, 1379, 1411, 1424, 1433, 1453, 1488, 1517]

对应的关键词为：
开放 物业 历史 实务 场馆 停水 补充 选题 工商管理 中文 影响 新增 筑梦 演讲比赛 平台 录入 羽毛球 中央 受理 卫生 思想 夏季 结题 保障 秩序 案例 城乡 毕业典礼 调查 中外 作用 小时 主席 人力 信息技术 自动 推普 查询 当代 事业 监考 药学 7日 招标 路线 教育研究

[414, 424, 480, 556, 563, 590, 591, 593, 604, 626, 632, 670, 679, 682, 699, 702, 739, 750, 760, 781, 806, 810, 832, 834, 844, 883, 919, 937, 1019, 1059, 1114, 1123, 1183, 1221, 1231, 1277, 1318, 1321, 1332, 1379, 1411, 1424, 1433, 1453, 1488, 1517]
处理第3个数据集
    2019年  祖国  总支  题为  大湾  金属  2019年度  校区  社会工作  ...  股份有限公司  意向  2014年度  2013  连续  三年  思想政治教育  校庆  年会
0       0   0   0   0   0   0       0   0     0  ...       0   0       0     0   0   0       0   0   4
0       0   0   0   0   0   0       0   0     0  ...       0   0       0     0   0   0       0   0   2
0       0   0   0   0   0   0       0   0     0  ...       0   0       0     0   0   0       0   0   1
0       0   0   0   0   0   0       0   0     0  ...       0   0       0     0   0   0       0   0   2
0       0   0   0   0   0   0       0   0     0  ...       0   0       0     0   0   0       0   0   3
..    ...  ..  ..  ..  ..  ..     ...  ..   ...  ...     ...  ..     ...   ...  ..  ..     ...  ..  ..
0       0   0   0   0   0   0       0   0     0  ...       0   0       0     0   0   0       0   0   1
0       0   0   0   0   0   0       0   0     0  ...       0   0       0     0   0   0       0   0   3
0       0   0   0   0   0   0       0   0     0  ...       0   0       0     0   0   0       0   0   1
0       0   0   0   0   0   0       0   0     0  ...       0   0       0     0   0   0       0   0   4
0       0   0   0   0   0   0       0   0     0  ...       0   0       0     0   0   0       0   0   2

[100 rows x 1534 columns]

该粗糙集所有条件属性的一个约简为：
 [400, 433, 488, 520, 566, 616, 699, 703, 726, 764, 812, 834, 853, 870, 871, 887, 922, 949, 961, 972, 990, 1003, 1052, 1067, 1103, 1128, 1137, 1149, 1161, 1167, 1172, 1175, 1177, 1178, 1195, 1197, 1224, 1233, 1270, 1289, 1321, 1339, 1345, 1383, 1401, 1409, 1413, 1415, 1416, 1428, 1433, 1453, 1456, 1474, 1488, 1522]

对应的关键词为：
服务 调研 大学 学杂费 名额 学生 平台 元旦 先行 授权 网络 保障 合同 健康 活动 征集 网站 治疗 中国政治 招收 产品 留学生 征文比赛 生物医学工程 下载 车辆 应届毕业生 冠军 交通工程 学位论文 博览会 迎新 成人 学术交流 发布会 商务 人生 接访 外国 辩论 查询 产学研 新生 17日 开放日 自然科学基金 精英 同行 马克思主义 选读 7日  招标 化工 临床医学 路线 学生公寓

[400, 433, 488, 520, 566, 616, 699, 703, 726, 764, 812, 834, 853, 870, 871, 887, 922, 949, 961, 972, 990, 1003, 1052, 1067, 1103, 1128, 1137, 1149, 1161, 1167, 1172, 1175, 1177, 1178, 1195, 1197, 1224, 1233, 1270, 1289, 1321, 1339, 1345, 1383, 1401, 1409, 1413, 1415, 1416, 1428, 1433, 1453, 1456, 1474, 1488, 1522]
处理第4个数据集
    2019年  祖国  总支  题为  大湾  金属  2019年度  校区  社会工作  ...  股份有限公司  意向  2014年度  2013  连续  三年  思想政治教育  校庆  年会
0       0   0   0   0   0   0       0   0     0  ...       0   0       0     0   0   0       0   0   2
0       0   0   0   0   0   0       0   0     0  ...       0   0       0     0   0   0       0   0   6
0       0   0   0   0   0   0       0   0     0  ...       0   0       0     0   0   0       0   0   1
0       0   0   0   0   0   0       0   0     0  ...       0   0       0     0   0   0       0   0   1
0       0   0   0   0   0   0       0   0     0  ...       0   0       0     0   0   0       0   0   1
..    ...  ..  ..  ..  ..  ..     ...  ..   ...  ...     ...  ..     ...   ...  ..  ..     ...  ..  ..
0       0   0   0   0   0   0       0   0     0  ...       0   0       0     0   0   0       0   0   1
0       0   0   0   0   0   0       0   0     0  ...       0   0       0     0   0   0       0   0   2
0       0   0   0   0   0   0       0   0     0  ...       0   0       0     0   0   0       0   0   3
0       0   0   0   0   0   0       0   0     0  ...       0   0       0     0   0   0       0   0   6
0       0   0   0   0   0   0       0   0     0  ...       0   0       0     0   0   0       0   0   6

[100 rows x 1534 columns]

该粗糙集所有条件属性的一个约简为：
 [281, 424, 471, 480, 488, 490, 559, 616, 653, 664, 679, 682, 711, 719, 722, 747, 781, 808, 832, 870, 887, 911, 937, 939, 961, 977, 999, 1019, 1053, 1060, 1065, 1067, 1070, 1132, 1133, 1134, 1157, 1178, 1205, 1221, 1223, 1224, 1235, 1259, 1262, 1271, 1275, 1285, 1344, 1345, 1428, 1431, 1451, 1488, 1493, 1494]

对应的关键词为：
取消 物业 分析 历史 大学 师生 全文 学生 图像 信息 筑梦 演讲比赛 处理 人民 经济学 结束 卫生 表彰大会 结题 健康 征集 模拟 毕业典礼 试用 中国政治 法律硕士 土木工程专业 调查 就业 光学 选修课 生物医学工程 联络 法律 信息素养 答辩 深港 学术交流 人力资源 人力 挑选 人生 多媒体 填写 光纤 上线 修改 参赛 尽快 新生 选读 基础教育 开学 路线 科技大学 理工

[281, 424, 471, 480, 488, 490, 559, 616, 653, 664, 679, 682, 711, 719, 722, 747, 781, 808, 832, 870, 887, 911, 937, 939, 961, 977, 999, 1019, 1053, 1060, 1065, 1067, 1070, 1132, 1133, 1134, 1157, 1178, 1205, 1221, 1223, 1224, 1235, 1259, 1262, 1271, 1275, 1285, 1344, 1345, 1428, 1431, 1451, 1488, 1493, 1494]
处理第5个数据集
    2019年  祖国  总支  题为  大湾  金属  2019年度  校区  社会工作  ...  股份有限公司  意向  2014年度  2013  连续  三年  思想政治教育  校庆  年会
0       0   0   0   0   0   0       0   0     0  ...       0   0       0     0   0   0       0   0   2
0       0   0   0   0   0   0       0   0     0  ...       0   0       0     0   0   0       0   0   2
0       0   0   0   0   0   0       0   0     0  ...       0   0       0     0   0   0       0   0   1
0       0   0   0   0   0   0       0   0     0  ...       0   0       0     0   0   0       0   0   2
0       0   0   0   0   0   0       0   0     0  ...       0   0       0     0   0   0       0   0   1
..    ...  ..  ..  ..  ..  ..     ...  ..   ...  ...     ...  ..     ...   ...  ..  ..     ...  ..  ..
0       0   0   0   0   0   0       0   0     0  ...       0   0       0     0   0   0       0   0   1
0       0   0   0   0   0   0       0   0     0  ...       0   0       0     0   0   0       0   0   1
0       0   0   0   0   0   0       0   0     0  ...       0   0       0     0   0   0       0   0   3
0       0   0   0   0   0   0       0   0     0  ...       0   0       0     0   0   0       0   0   1
0       0   0   0   0   0   0       0   0     0  ...       0   0       0     0   0   0       0   0   1

[100 rows x 1534 columns]

该粗糙集所有条件属性的一个约简为：
 [366, 488, 566, 573, 575, 578, 584, 615, 616, 654, 657, 682, 693, 726, 750, 792, 811, 812, 832, 860, 884, 919, 937, 969, 999, 1001, 1018, 1020, 1065, 1078, 1107, 1123, 1124, 1131, 1133, 1151, 1192, 1211, 1224, 1253, 1277, 1326, 1330, 1344, 1385, 1402, 1411, 1474]

对应的关键词为：
全体 大学 名额 喜讯 深圳 干部 省教育厅 党支部 学生 经济学院 应邀 演讲比赛 体系 先行 中央 奖金 出版 网络  结题 核心 发放 城乡 毕业典礼 流程 土木工程专业 实习 团委 停课 选修课 暂停 上课 小时 论文 办公楼 信息素养 金钟 宏观经济学 著作 人生 名校 自动 毕业论文答辩 学生宿舍 尽快 成绩单 大学英语 监考 临床医学

[366, 488, 566, 573, 575, 578, 584, 615, 616, 654, 657, 682, 693, 726, 750, 792, 811, 812, 832, 860, 884, 919, 937, 969, 999, 1001, 1018, 1020, 1065, 1078, 1107, 1123, 1124, 1131, 1133, 1151, 1192, 1211, 1224, 1253, 1277, 1326, 1330, 1344, 1385, 1402, 1411, 1474]
处理第6个数据集
    2019年  祖国  总支  题为  大湾  金属  2019年度  校区  社会工作  ...  股份有限公司  意向  2014年度  2013  连续  三年  思想政治教育  校庆  年会
0       0   0   0   0   0   0       0   0     0  ...       0   0       0     0   0   0       0   0   2
0       0   0   0   0   0   0       0   0     0  ...       0   0       0     0   0   0       0   0   1
0       0   0   0   0   0   0       0   0     0  ...       0   0       0     0   0   0       0   0   2
0       0   0   0   0   0   0       0   0     0  ...       0   0       0     0   0   0       0   0   3
0       0   0   0   0   0   0       0   0     0  ...       0   0       0     0   0   0       0   0   3
..    ...  ..  ..  ..  ..  ..     ...  ..   ...  ...     ...  ..     ...   ...  ..  ..     ...  ..  ..
0       0   0   0   0   0   0       0   0     0  ...       0   0       0     0   0   0       0   0   2
0       0   0   0   0   0   0       0   0     0  ...       0   0       0     0   0   0       0   0   1
0       0   0   0   0   0   0       0   0     0  ...       0   0       0     0   0   0       0   0   1
0       0   0   0   0   0   0       0   0     0  ...       0   0       0     0   0   0       0   0   1
0       0   0   0   0   0   0       0   0     0  ...       0   0       0     0   0   0       0   0   2

[100 rows x 1534 columns]

该粗糙集所有条件属性的一个约简为：
 [1532, 397, 424, 437, 441, 445, 449, 464, 471, 488, 503, 520, 615, 616, 623, 630, 654, 697, 766, 781, 784, 800, 825, 870, 885, 886, 908, 970, 977, 1001, 1003, 1019, 1049, 1056, 1065, 1074, 1123, 1137, 1151, 1205, 1214, 1223, 1228, 1235, 1324, 1326, 1344, 1345, 1371, 1372, 1428, 1431, 1439, 1459, 1488, 1496, 1530]

对应的关键词为：
校庆 运营 物业 高峰论坛 工作坊 转化 指引 后勤 分析 大学 初赛 学杂费 党支部 学生 简历 工商 经济学院 时间  餐厅 卫生 知识产权 圆满 集团 健康 宣讲会 恢复 预警 获奖名单 法律硕士 实习 留学生 调查 实习生 赴韩 选修课 开设 小时 应届毕业生 金钟 人力资源 科学技术 挑选 北馆 多媒体 介绍 毕业论文答辩 尽快 新生 会场 领取 选读  基础教育 师范生 30年 路线 地产 三年

[1532, 397, 424, 437, 441, 445, 449, 464, 471, 488, 503, 520, 615, 616, 623, 630, 654, 697, 766, 781, 784, 800, 825, 870, 885, 886, 908, 970, 977, 1001, 1003, 1019, 1049, 1056, 1065, 1074, 1123, 1137, 1151, 1205, 1214, 1223, 1228, 1235, 1324, 1326, 1344, 1345, 1371, 1372, 1428, 1431, 1439, 1459, 1488, 1496, 1530]
处理第7个数据集
    2019年  祖国  总支  题为  大湾  金属  2019年度  校区  社会工作  ...  股份有限公司  意向  2014年度  2013  连续  三年  思想政治教育  校庆  年会
0       0   0   0   0   0   0       0   0     0  ...       0   0       0     0   0   0       0   0   1
0       0   0   0   0   0   0       0   0     0  ...       0   0       0     0   0   0       0   0   1
0       0   0   0   0   0   0       0   0     0  ...       0   0       0     0   0   0       0   0   5
0       0   0   0   0   0   0       0   0     0  ...       0   0       0     0   0   0       0   0   2
0       0   0   0   0   0   0       0   0     0  ...       0   0       0     0   0   0       0   0   2
..    ...  ..  ..  ..  ..  ..     ...  ..   ...  ...     ...  ..     ...   ...  ..  ..     ...  ..  ..
0       0   0   0   0   0   0       1   0     0  ...       0   0       0     0   0   0       0   0   1
0       0   0   0   0   0   0       0   0     0  ...       0   0       0     0   0   0       0   0   1
0       0   0   0   0   0   0       0   0     0  ...       0   0       0     0   0   0       0   0   2
0       0   0   0   0   0   0       0   0     0  ...       0   0       0     0   0   0       0   0   1
0       0   0   0   0   0   0       0   0     0  ...       0   0       0     0   0   0       0   0   1

[100 rows x 1534 columns]

该粗糙集所有条件属性的一个约简为：
 [1532, 322, 363, 464, 484, 559, 605, 623, 627, 646, 654, 671, 679, 695, 699, 727, 743, 750, 761, 771, 781, 806, 808, 840, 873, 911, 919, 922, 930, 937, 939, 995, 1003, 1004, 1061, 1065, 1077, 1084, 1094, 1154, 1165, 1171, 1175, 1184, 1198, 1233, 1262, 1313, 1332, 1379, 1410, 1430, 1448, 1453, 1459, 1460, 1488, 1492, 1494, 1518]

对应的关键词为：
校庆 外交 协会 后勤 观赛 全文 同学 简历 方法 校园 经济学院 日语 筑梦 在校 平台 期中考试 招生 中央 课堂 公选 卫生 思想 表彰大会 政治 英语 模拟 城乡 网站 英语口语 毕业典礼 试用 校园卡 留学生 系列 心理辅导 选修课 重修 市场 市民 世界 开启 工作简报 迎新 高等教育 义工 接访 光纤 分会 当代 事业 课题研究 会员 加拿大 招标 30年 高交会 路线 秘书 理工 统一

[1532, 322, 363, 464, 484, 559, 605, 623, 627, 646, 654, 671, 679, 695, 699, 727, 743, 750, 761, 771, 781, 806, 808, 840, 873, 911, 919, 922, 930, 937, 939, 995, 1003, 1004, 1061, 1065, 1077, 1084, 1094, 1154, 1165, 1171, 1175, 1184, 1198, 1233, 1262, 1313, 1332, 1379, 1410, 1430, 1448, 1453, 1459, 1460, 1488, 1492, 1494, 1518]
处理第8个数据集
    2019年  祖国  总支  题为  大湾  金属  2019年度  校区  社会工作  ...  股份有限公司  意向  2014年度  2013  连续  三年  思想政治教育  校庆  年会
0       0   0   0   0   0   0       0   0     0  ...       0   0       0     0   0   0       0   0   3
0       0   0   0   0   0   0       0   0     0  ...       0   0       0     0   0   0       0   0   2
0       0   0   0   0   0   0       0   0     0  ...       0   0       0     0   0   0       0   0   2
0       0   0   0   0   0   0       0   0     0  ...       0   0       0     0   0   0       0   0   1
0       0   0   0   0   0   0       0   0     0  ...       0   0       0     0   0   0       0   0   3
..    ...  ..  ..  ..  ..  ..     ...  ..   ...  ...     ...  ..     ...   ...  ..  ..     ...  ..  ..
0       0   0   0   0   0   0       0   0     0  ...       0   0       0     0   0   0       0   0   2
0       0   0   0   0   0   0       0   0     0  ...       0   0       0     0   0   0       0   0   2
0       0   0   0   0   0   0       0   0     0  ...       0   0       0     0   0   0       0   0   1
0       0   0   0   0   0   0       0   0     0  ...       0   0       0     0   0   0       0   0   2
0       0   0   0   0   0   0       0   0     0  ...       0   0       0     0   0   0       0   0   6

[100 rows x 1534 columns]

该粗糙集所有条件属性的一个约简为：
 [366, 441, 459, 516, 578, 613, 616, 658, 664, 727, 750, 766, 792, 832, 834, 863, 872, 937, 940, 965, 977, 999, 1025, 1065, 1070, 1123, 1151, 1176, 1198, 1240, 1242, 1259, 1271, 1279, 1291, 1292, 1317, 1333, 1342, 1344, 1350, 1352, 1363, 1369, 1371, 1380, 1418, 1431, 1451, 1459, 1460, 1469, 1521]

对应的关键词为：
全体 工作坊 学习 成像 干部 调停 学生 档案 信息 期中考试 中央 餐厅 奖金 结题 保障 换届选举 闭幕 毕业典礼  查收 概论 法律硕士 土木工程专业 高端 选修课 联络 小时 金钟 程序设计 义工 大英 提前 填写 上线 讲堂 探索 融合 执行 授予 手续 尽快 南区 信号 法国 注册 会场 紧急 保健 基础教育 开学 30年 高交会 即将 千百

[366, 441, 459, 516, 578, 613, 616, 658, 664, 727, 750, 766, 792, 832, 834, 863, 872, 937, 940, 965, 977, 999, 1025, 1065, 1070, 1123, 1151, 1176, 1198, 1240, 1242, 1259, 1271, 1279, 1291, 1292, 1317, 1333, 1342, 1344, 1350, 1352, 1363, 1369, 1371, 1380, 1418, 1431, 1451, 1459, 1460, 1469, 1521]
处理第9个数据集
    2019年  祖国  总支  题为  大湾  金属  2019年度  校区  社会工作  ...  股份有限公司  意向  2014年度  2013  连续  三年  思想政治教育  校庆  年会
0       0   0   0   0   0   0       0   0     0  ...       0   0       0     0   0   0       0   0   1
0       0   0   0   0   0   0       0   0     0  ...       0   0       0     0   0   0       0   0   6
0       0   0   0   0   0   0       0   0     0  ...       0   0       0     0   0   0       0   0   2
0       0   0   0   0   0   0       0   0     0  ...       0   0       0     0   0   0       0   0   2
0       0   0   0   0   0   0       0   0     0  ...       0   0       0     0   0   0       0   0   1
..    ...  ..  ..  ..  ..  ..     ...  ..   ...  ...     ...  ..     ...   ...  ..  ..     ...  ..  ..
0       0   0   0   0   0   0       0   0     0  ...       0   0       0     0   0   0       0   0   2
0       0   0   0   0   0   0       0   0     0  ...       0   0       0     0   0   0       0   0   6
0       0   0   0   0   0   0       0   0     0  ...       0   0       0     0   0   0       0   0   3
0       0   0   0   0   0   0       0   0     0  ...       0   0       0     0   0   0       0   0   2
0       0   0   0   0   0   0       0   0     0  ...       0   0       0     0   0   0       0   0   1

[100 rows x 1534 columns]

该粗糙集所有条件属性的一个约简为：
 [373, 471, 488, 516, 525, 574, 604, 653, 671, 714, 724, 750, 766, 806, 834, 870, 886, 890, 907, 919, 937, 965, 970, 978, 993, 1011, 1021, 1063, 1065, 1074, 1076, 1077, 1080, 1112, 1113, 1123, 1124, 1149, 1185, 1198, 1201, 1205, 1259, 1265, 1274, 1362, 1371, 1404, 1409, 1415, 1439, 1459, 1518]

对应的关键词为：
孔雀 分析 大学 成像 新闻 论坛 工商管理 图像 日语 培育 比赛 中央 餐厅 思想 保障 健康 恢复 报道 选择 城乡  毕业典礼 概论 获奖名单 招聘会 全球 互联网 学位 专场 选修课 开设 风险 重修 行动 体育部 品牌 小时 论文 冠军 指南 义工 纪念品 人力资源 填写 层次 通信 辩论赛 会场 人选 自然科学基金 同行 师范生 30年 统一

[373, 471, 488, 516, 525, 574, 604, 653, 671, 714, 724, 750, 766, 806, 834, 870, 886, 890, 907, 919, 937, 965, 970, 978, 993, 1011, 1021, 1063, 1065, 1074, 1076, 1077, 1080, 1112, 1113, 1123, 1124, 1149, 1185, 1198, 1201, 1205, 1259, 1265, 1274, 1362, 1371, 1404, 1409, 1415, 1439, 1459, 1518]
处理第10个数据集
    2019年  祖国  总支  题为  大湾  金属  2019年度  校区  社会工作  ...  股份有限公司  意向  2014年度  2013  连续  三年  思想政治教育  校庆  年会
0       0   0   0   0   0   0       0   0     0  ...       0   0       0     0   0   0       0   0   1
0       0   0   0   0   0   0       0   0     0  ...       0   0       0     0   0   0       0   0   6
0       0   0   0   0   0   0       0   0     0  ...       0   0       0     0   0   0       0   0   4
0       0   0   0   0   0   0       0   0     0  ...       0   0       0     0   0   0       0   0   2
0       0   0   0   0   0   0       0   0     0  ...       0   0       0     0   0   0       0   0   2
..    ...  ..  ..  ..  ..  ..     ...  ..   ...  ...     ...  ..     ...   ...  ..  ..     ...  ..  ..
0       0   0   0   0   0   0       0   0     0  ...       0   0       0     0   0   0       0   0   2
0       0   0   0   0   0   0       0   0     0  ...       0   0       0     0   0   0       0   0   2
0       0   0   0   0   0   0       0   0     0  ...       0   0       0     0   0   0       0   0   4
0       0   0   0   0   0   0       0   0     0  ...       0   0       0     0   0   0       0   0   4
0       0   0   0   0   0   0       0   0     0  ...       0   0       0     0   0   0       0   0   6

[100 rows x 1534 columns]

该粗糙集所有条件属性的一个约简为：
 [297, 401, 413, 482, 553, 640, 646, 671, 679, 699, 714, 739, 744, 764, 766, 806, 812, 832, 853, 863, 883, 886, 897, 932, 937, 949, 956, 965, 970, 1000, 1001, 1015, 1042, 1054, 1094, 1103, 1142, 1149, 1184, 1187, 1188, 1208, 1214, 1232, 1240, 1259, 1313, 1331, 1337, 1344, 1360, 1364, 1371, 1385, 1401, 1426, 1441, 1453, 1485, 1493, 1500]

对应的关键词为：
大中专 申请 政府 2015年 心理 共建 校园 日语 筑梦 平台 培育 羽毛球 采购 授权 餐厅 思想 网络 结题 合同 换届选举 案例 恢复 建设项目 故事 毕业典礼 治疗 城乡规划 概论 获奖名单 专业 实习 细则 化学实验 志愿者 市民 下 载 交通运输 冠军 高等教育 答疑 自行 运输 科学技术 赏析 大英 填写 分会 对接 简介 尽快 人物 篮球 会场 成绩 单 开放日 推介 分校 招标 成长 科技大学 医保

[297, 401, 413, 482, 553, 640, 646, 671, 679, 699, 714, 739, 744, 764, 766, 806, 812, 832, 853, 863, 883, 886, 897, 932, 937, 949, 956, 965, 970, 1000, 1001, 1015, 1042, 1054, 1094, 1103, 1142, 1149, 1184, 1187, 1188, 1208, 1214, 1232, 1240, 1259, 1313, 1331, 1337, 1344, 1360, 1364, 1371, 1385, 1401, 1426, 1441, 1453, 1485, 1493, 1500]
处理第11个数据集
    2019年  祖国  总支  题为  大湾  金属  2019年度  校区  社会工作  ...  股份有限公司  意向  2014年度  2013  连续  三年  思想政治教育  校庆  年会
0       0   0   0   0   0   0       0   0     0  ...       0   0       0     0   0   0       0   0   1
0       0   0   0   0   0   0       0   0     0  ...       0   0       0     0   0   0       0   0   1
0       0   0   0   0   0   0       0   0     0  ...       0   0       0     0   0   0       0   0   1
0       0   0   0   0   0   0       0   0     0  ...       0   0       0     0   0   0       0   0   1
0       0   0   0   0   0   0       0   0     0  ...       0   0       0     0   0   0       0   0   1
..    ...  ..  ..  ..  ..  ..     ...  ..   ...  ...     ...  ..     ...   ...  ..  ..     ...  ..  ..
0       0   0   0   0   0   0       0   0     0  ...       0   0       0     0   0   0       0   0   2
0       0   0   0   0   0   0       0   0     0  ...       0   0       0     0   0   0       0   0   2
0       0   0   0   0   0   0       0   0     0  ...       0   0       0     0   0   0       0   0   3
0       0   0   0   0   0   0       0   0     0  ...       0   0       0     0   0   0       0   0   1
0       0   0   0   0   0   0       0   0     0  ...       0   0       0     0   0   0       0   0   4

[100 rows x 1534 columns]

该粗糙集所有条件属性的一个约简为：
 [314, 449, 459, 482, 520, 589, 600, 615, 646, 699, 719, 754, 756, 760, 810, 832, 850, 856, 858, 862, 910, 915, 940, 965, 1019, 1020, 1026, 1044, 1065, 1104, 1109, 1114, 1128, 1133, 1142, 1221, 1253, 1289, 1292, 1313, 1341, 1344, 1373, 1380, 1436, 1492, 1493, 1519, 1522]

对应的关键词为：
委员 指引 学习 2015年 学杂费 财政 党校 党支部 校园 平台 人民 联盟 开幕式 受理 夏季 结题 任课 颁奖 配电 中国大学生 集成 党员 查收 概论 调查 停课 素质 复合 选修课 升旗仪式 空间 作用 车辆 信息素养 交通运输 人力 名校 辩论 融合 分会 加州大学 尽快 教工 紧急 校园招聘 秘书 科技大学 法治 学生公寓

[314, 449, 459, 482, 520, 589, 600, 615, 646, 699, 719, 754, 756, 760, 810, 832, 850, 856, 858, 862, 910, 915, 940, 965, 1019, 1020, 1026, 1044, 1065, 1104, 1109, 1114, 1128, 1133, 1142, 1221, 1253, 1289, 1292, 1313, 1341, 1344, 1373, 1380, 1436, 1492, 1493, 1519, 1522]
处理第12个数据集
    2019年  祖国  总支  题为  大湾  金属  2019年度  校区  社会工作  ...  股份有限公司  意向  2014年度  2013  连续  三年  思想政治教育  校庆  年会
0       0   0   0   0   0   0       0   0     0  ...       0   0       0     0   0   0       0   0   3
0       0   0   0   0   0   0       0   0     0  ...       0   0       0     0   0   0       0   0   6
0       0   0   0   0   0   0       0   0     0  ...       0   0       0     0   0   0       0   0   3
0       0   0   0   0   0   0       0   0     0  ...       0   0       0     0   0   0       0   0   4
0       0   0   0   0   0   0       0   0     0  ...       0   0       0     0   0   0       0   0   3
..    ...  ..  ..  ..  ..  ..     ...  ..   ...  ...     ...  ..     ...   ...  ..  ..     ...  ..  ..
0       0   0   0   0   0   0       0   0     0  ...       0   0       0     0   0   0       0   0   5
0       0   0   0   0   0   0       0   0     0  ...       0   0       0     0   0   0       0   0   2
0       0   0   0   0   0   0       0   0     0  ...       0   0       0     0   0   0       0   0   1
0       0   0   0   0   0   0       0   0     0  ...       0   0       0     0   0   0       0   0   1
0       0   0   0   0   0   0       0   0     0  ...       0   0       0     0   0   0       0   0   6

[100 rows x 1534 columns]

该粗糙集所有条件属性的一个约简为：
 [406, 459, 563, 576, 600, 615, 646, 668, 699, 703, 719, 754, 781, 790, 811, 812, 850, 853, 883, 884, 914, 919, 937, 956, 965, 968, 970, 1044, 1046, 1049, 1054, 1065, 1077, 1106, 1114, 1123, 1128, 1131, 1202, 1211, 1253, 1258, 1265, 1277, 1292, 1324, 1338, 1344, 1345, 1371, 1380, 1401, 1412, 1417, 1453, 1459]

对应的关键词为：
技巧 学习 场馆 秋季 党校 党支部 校园 教材 平台 元旦 人民 联盟 卫生 激光 出版 网络 任课 合同 案例 发放 招 聘信息 城乡 毕业典礼 城乡规划 概论 数学建模竞赛 获奖名单 复合 实行 实习生 志愿者 选修课 重修 汇总 作用 小时 车辆 办公楼 南山 著作 名校 清明节 层次 自动 融合 介绍 困难 尽快 新生 会场 紧急 开放日 典礼 市委 招标 30年

[406, 459, 563, 576, 600, 615, 646, 668, 699, 703, 719, 754, 781, 790, 811, 812, 850, 853, 883, 884, 914, 919, 937, 956, 965, 968, 970, 1044, 1046, 1049, 1054, 1065, 1077, 1106, 1114, 1123, 1128, 1131, 1202, 1211, 1253, 1258, 1265, 1277, 1292, 1324, 1338, 1344, 1345, 1371, 1380, 1401, 1412, 1417, 1453, 1459]
处理第13个数据集
    2019年  祖国  总支  题为  大湾  金属  2019年度  校区  社会工作  ...  股份有限公司  意向  2014年度  2013  连续  三年  思想政治教育  校庆  年会
0       0   0   0   0   0   0       0   0     0  ...       0   0       0     0   0   0       0   0   6
0       0   0   0   0   0   0       0   0     0  ...       0   0       0     0   0   0       0   0   1
0       0   0   0   0   0   0       0   0     0  ...       0   0       0     0   0   0       0   0   2
0       0   0   0   0   0   0       0   0     0  ...       0   0       0     0   0   0       0   0   1
0       0   0   0   0   0   0       0   0     0  ...       0   0       0     0   0   0       0   0   2
..    ...  ..  ..  ..  ..  ..     ...  ..   ...  ...     ...  ..     ...   ...  ..  ..     ...  ..  ..
0       0   0   0   0   0   0       0   0     0  ...       0   0       0     0   0   0       0   0   2
0       0   0   0   0   0   0       0   0     0  ...       0   0       0     0   0   0       0   0   4
0       0   0   0   0   0   0       0   0     0  ...       0   0       0     0   0   0       0   0   6
0       0   0   0   0   0   0       0   0     0  ...       0   0       0     0   0   0       0   0   2
0       0   0   0   0   0   0       0   0     0  ...       0   0       0     0   0   0       0   0   2

[100 rows x 1534 columns]

该粗糙集所有条件属性的一个约简为：
 [401, 488, 516, 520, 609, 623, 653, 668, 700, 716, 727, 743, 749, 750, 766, 781, 790, 808, 812, 831, 840, 853, 872, 880, 901, 919, 922, 956, 999, 1001, 1006, 1015, 1024, 1065, 1067, 1074, 1075, 1077, 1080, 1094, 1110, 1137, 1142, 1174, 1268, 1271, 1313, 1321, 1324, 1328, 1344, 1350, 1371, 1372, 1428, 1450, 1486, 1500, 1519]

对应的关键词为：
申请 大学 成像 学杂费 银行 简历 图像 教材 结果 信息化 期中考试 招生 荣誉证书 中央 餐厅 卫生 激光 表彰大会 网络 颁发 政治 合同 闭幕 电路 地点 城乡 网站 城乡规划 土木工程专业 实习 10月 细则 读书 选修课 生物医学工程 开设 酬金 重修 行动 市民 公告 应届毕业生 交通运输 地铁 推迟 上线 分会 查询 介绍 科目 尽快 南区 会场 领取 选读 好日子 事宜 医保 法治

[401, 488, 516, 520, 609, 623, 653, 668, 700, 716, 727, 743, 749, 750, 766, 781, 790, 808, 812, 831, 840, 853, 872, 880, 901, 919, 922, 956, 999, 1001, 1006, 1015, 1024, 1065, 1067, 1074, 1075, 1077, 1080, 1094, 1110, 1137, 1142, 1174, 1268, 1271, 1313, 1321, 1324, 1328, 1344, 1350, 1371, 1372, 1428, 1450, 1486, 1500, 1519]
处理第14个数据集
    2019年  祖国  总支  题为  大湾  金属  2019年度  校区  社会工作  ...  股份有限公司  意向  2014年度  2013  连续  三年  思想政治教育  校庆  年会
0       0   0   0   0   0   0       0   0     0  ...       0   0       0     0   0   0       0   0   2
0       0   0   0   0   0   0       0   0     0  ...       0   0       0     0   0   0       0   0   6
0       0   0   0   0   0   0       0   0     0  ...       0   0       0     0   0   0       0   0   1
0       0   0   0   0   0   0       0   0     0  ...       0   0       0     0   0   0       0   0   1
0       0   0   0   0   0   0       0   0     0  ...       0   0       0     0   0   0       0   0   1
..    ...  ..  ..  ..  ..  ..     ...  ..   ...  ...     ...  ..     ...   ...  ..  ..     ...  ..  ..
0       0   0   0   0   0   0       0   0     0  ...       0   0       0     0   0   0       0   0   1
0       0   0   0   0   0   0       0   0     0  ...       0   0       0     0   0   0       0   0   1
0       0   0   0   0   0   0       0   0     0  ...       0   0       0     0   0   0       0   0   1
0       0   0   0   0   0   0       0   0     0  ...       0   0       0     0   0   0       0   0   1
0       0   0   0   0   0   0       0   0     0  ...       0   0       0     0   0   0       0   0   6

[100 rows x 1534 columns]

该粗糙集所有条件属性的一个约简为：
 [424, 520, 529, 596, 616, 617, 623, 646, 673, 696, 703, 711, 739, 744, 750, 756, 766, 768, 781, 791, 831, 840, 881, 919, 932, 956, 1033, 1044, 1052, 1085, 1104, 1121, 1123, 1124, 1156, 1175, 1183, 1195, 1199, 1214, 1221, 1259, 1268, 1313, 1324, 1326, 1331, 1337, 1350, 1379, 1390, 1398, 1438, 1444, 1488, 1514, 1517]

对应的关键词为：
物业 学杂费 导论 外国语 学生 申报 简历 校园 光学工程 补课 元旦 处理 羽毛球 采购 中央 开幕式 餐厅 图书 卫 生 丽湖校区 颁发 政治 兼任 城乡 故事 城乡规划 传感 复合 征文比赛 聘任 升旗仪式 教程 小时 论文 工程硕士 迎新 主席 发布会 退学 科学技术 人力 填写 推迟 分会 介绍 毕业论文答辩 对接 简介 南区 事业 人才培养 表演 混凝 对外 路线 办学 教育研究

[424, 520, 529, 596, 616, 617, 623, 646, 673, 696, 703, 711, 739, 744, 750, 756, 766, 768, 781, 791, 831, 840, 881, 919, 932, 956, 1033, 1044, 1052, 1085, 1104, 1121, 1123, 1124, 1156, 1175, 1183, 1195, 1199, 1214, 1221, 1259, 1268, 1313, 1324, 1326, 1331, 1337, 1350, 1379, 1390, 1398, 1438, 1444, 1488, 1514, 1517]
处理第15个数据集
    2019年  祖国  总支  题为  大湾  金属  2019年度  校区  社会工作  ...  股份有限公司  意向  2014年度  2013  连续  三年  思想政治教育  校庆  年会
0       0   0   0   0   0   0       0   0     0  ...       0   0       0     0   0   0       0   0   2
0       0   0   0   0   0   0       0   0     0  ...       0   0       0     0   0   0       0   0   2
0       0   0   0   0   0   0       0   0     0  ...       0   0       0     0   0   0       0   0   3
0       0   0   0   0   0   0       0   0     0  ...       0   0       0     0   0   0       0   0   4
0       0   0   0   0   0   0       0   0     0  ...       0   0       0     0   0   0       0   0   6
..    ...  ..  ..  ..  ..  ..     ...  ..   ...  ...     ...  ..     ...   ...  ..  ..     ...  ..  ..
0       0   0   0   0   0   0       0   0     0  ...       0   0       0     0   0   0       0   0   2
0       0   0   0   0   0   0       0   0     0  ...       0   0       0     0   0   0       0   0   3
0       0   0   0   0   0   0       0   0     0  ...       0   0       0     0   0   0       0   0   3
0       0   0   0   0   0   0       0   0     0  ...       0   0       0     0   0   0       0   0   2
0       0   0   0   0   0   0       0   0     0  ...       0   0       0     0   0   0       0   0   4

[100 rows x 1534 columns]

该粗糙集所有条件属性的一个约简为：
 [236, 294, 429, 459, 491, 539, 578, 589, 609, 616, 671, 698, 711, 724, 727, 739, 744, 750, 771, 806, 820, 831, 864, 886, 919, 939, 940, 947, 994, 995, 1015, 1053, 1060, 1086, 1108, 1172, 1178, 1197, 1209, 1256, 1262, 1269, 1278, 1299, 1301, 1344, 1371, 1392, 1395, 1438, 1476]

对应的关键词为：
学部 十八 主题活动 学习 情况 外研社 干部 财政 银行 学生 日语 仪式 处理 比赛 期中考试 羽毛球 采购 中央 公 选 思想 学士 颁发 测试 恢复 城乡 试用 查收 公共英语 实践 校园卡 细则 就业 光学 诊断 观摩 博览会 学术交流 商务 保卫 双语 光纤 心理健康 选聘 澳大利亚 倡议 尽快 会场 大学生创业 自然科学 混凝 英语角

[236, 294, 429, 459, 491, 539, 578, 589, 609, 616, 671, 698, 711, 724, 727, 739, 744, 750, 771, 806, 820, 831, 864, 886, 919, 939, 940, 947, 994, 995, 1015, 1053, 1060, 1086, 1108, 1172, 1178, 1197, 1209, 1256, 1262, 1269, 1278, 1299, 1301, 1344, 1371, 1392, 1395, 1438, 1476]
处理第16个数据集
    2019年  祖国  总支  题为  大湾  金属  2019年度  校区  社会工作  ...  股份有限公司  意向  2014年度  2013  连续  三年  思想政治教育  校庆  年会
0       0   0   0   0   0   0       0   0     0  ...       0   0       0     0   0   0       0   0   1
0       0   0   0   0   0   0       0   0     0  ...       0   0       0     0   0   0       0   0   2
0       0   0   0   0   0   0       0   0     0  ...       0   0       0     0   0   0       0   0   2
0       0   0   0   0   0   0       0   0     0  ...       0   0       0     0   0   0       0   0   6
0       0   0   0   0   0   0       0   0     0  ...       0   0       0     0   0   0       0   0   2
..    ...  ..  ..  ..  ..  ..     ...  ..   ...  ...     ...  ..     ...   ...  ..  ..     ...  ..  ..
0       0   0   0   0   0   0       0   0     0  ...       0   0       0     0   0   0       0   0   4
0       0   0   0   0   0   0       0   0     0  ...       0   0       0     0   0   0       0   0   6
0       0   0   0   0   0   0       0   0     0  ...       0   0       0     0   0   0       0   0   2
0       0   0   0   0   0   0       0   0     0  ...       0   0       0     0   0   0       0   0   4
0       0   0   0   0   0   0       0   0     0  ...       0   0       0     0   0   0       0   0   6

[100 rows x 1534 columns]

该粗糙集所有条件属性的一个约简为：
 [363, 464, 478, 488, 519, 615, 645, 668, 671, 699, 714, 716, 719, 727, 750, 759, 764, 790, 797, 827, 834, 850, 895, 922, 940, 990, 993, 999, 1015, 1018, 1020, 1021, 1067, 1074, 1108, 1114, 1121, 1123, 1133, 1161, 1184, 1197, 1213, 1259, 1262, 1271, 1316, 1343, 1344, 1345, 1371, 1399, 1451, 1474]

对应的关键词为：
协会 后勤 成果 大学 出国留学 党支部 全国 教材 日语 平台 培育 信息化 人民 期中考试 中央 汽车 授权 激光 进 入 土木工程 保障 任课 家庭 网站 查收 产品 全球 土木工程专业 细则 团委 停课 学位 生物医学工程 开设 观摩 作用 教程 小时 信息素养 交通工程 高等教育 商务 提高 填写 光纤 上线 加州 建议 尽快 新生 会场 原创 开学 临床 医学

[363, 464, 478, 488, 519, 615, 645, 668, 671, 699, 714, 716, 719, 727, 750, 759, 764, 790, 797, 827, 834, 850, 895, 922, 940, 990, 993, 999, 1015, 1018, 1020, 1021, 1067, 1074, 1108, 1114, 1121, 1123, 1133, 1161, 1184, 1197, 1213, 1259, 1262, 1271, 1316, 1343, 1344, 1345, 1371, 1399, 1451, 1474]
处理第17个数据集
    2019年  祖国  总支  题为  大湾  金属  2019年度  校区  社会工作  ...  股份有限公司  意向  2014年度  2013  连续  三年  思想政治教育  校庆  年会
0       0   0   0   0   0   0       0   0     0  ...       0   0       0     0   0   0       0   0   2
0       0   0   0   0   0   0       0   0     0  ...       0   0       0     0   0   0       0   0   1
0       0   0   0   0   0   0       0   0     0  ...       0   0       0     0   0   0       0   0   2
0       0   0   0   0   0   0       0   0     0  ...       0   0       0     0   0   0       0   0   3
0       0   0   0   0   0   0       0   0     0  ...       0   0       0     0   0   0       0   0   6
..    ...  ..  ..  ..  ..  ..     ...  ..   ...  ...     ...  ..     ...   ...  ..  ..     ...  ..  ..
0       0   0   0   0   0   0       0   0     0  ...       0   0       0     0   0   0       0   0   4
0       0   0   0   0   0   0       0   0     0  ...       0   0       0     0   0   0       0   0   2
0       0   0   0   0   0   0       0   0     0  ...       0   0       0     0   0   0       0   0   2
0       0   0   0   0   0   0       0   0     0  ...       0   0       0     0   0   0       0   0   1
0       0   0   0   0   0   0       0   0     0  ...       0   0       0     0   0   0       0   0   1

[100 rows x 1534 columns]

该粗糙集所有条件属性的一个约简为：
 [11, 18, 352, 400, 455, 482, 487, 528, 541, 576, 590, 615, 646, 668, 671, 716, 719, 747, 750, 834, 840, 865, 872, 883, 910, 937, 939, 949, 961, 1010, 1020, 1057, 1136, 1146, 1149, 1175, 1184, 1221, 1235, 1263, 1273, 1297, 1313, 1324, 1336, 1341, 1345, 1371, 1380, 1396, 1399, 1404, 1417, 1433, 1447, 1451, 1499]

对应的关键词为：
粤港澳大湾区 进校 验收 服务 统考 2015年 生命 材料科学 南馆 秋季 停水 党支部 校园 教材 日语 信息化 人民 结束 中央 保障 政治 创业 闭幕 案例 集成 毕业典礼 试用 治疗 中国政治 继续 停课 挑战杯 缺课 顾问 冠军 迎新 高等教育 人力 多媒体 宣传 国际商务 接受 分会 介绍 校友会 加州大学 新生 会场 紧急 近期 原创 人选 市委 7日 研究生就业 开学 制作

[11, 18, 352, 400, 455, 482, 487, 528, 541, 576, 590, 615, 646, 668, 671, 716, 719, 747, 750, 834, 840, 865, 872, 883, 910, 937, 939, 949, 961, 1010, 1020, 1057, 1136, 1146, 1149, 1175, 1184, 1221, 1235, 1263, 1273, 1297, 1313, 1324, 1336, 1341, 1345, 1371, 1380, 1396, 1399, 1404, 1417, 1433, 1447, 1451, 1499]
处理第18个数据集
    2019年  祖国  总支  题为  大湾  金属  2019年度  校区  社会工作  ...  股份有限公司  意向  2014年度  2013  连续  三年  思想政治教育  校庆  年会
0       0   0   0   0   0   0       0   0     0  ...       0   0       0     0   0   0       0   0   1
0       0   0   0   0   0   0       0   0     0  ...       0   0       0     0   0   0       0   0   1
0       0   0   0   0   0   0       0   0     0  ...       0   0       0     0   0   0       0   0   1
0       0   0   0   0   0   0       0   0     0  ...       0   0       0     0   0   0       0   0   1
0       0   0   0   0   0   0       0   0     0  ...       0   0       0     0   0   0       0   0   2
..    ...  ..  ..  ..  ..  ..     ...  ..   ...  ...     ...  ..     ...   ...  ..  ..     ...  ..  ..
0       0   0   0   0   0   0       0   0     0  ...       0   0       0     0   0   0       0   0   3
0       0   0   0   0   0   0       0   0     0  ...       0   0       0     0   0   0       0   0   3
0       0   0   0   0   0   0       0   0     0  ...       0   0       0     0   0   0       0   0   3
0       0   0   0   0   0   0       0   0     0  ...       0   0       0     0   0   0       0   0   3
0       0   0   0   0   0   0       0   0     0  ...       0   0       0     0   0   0       0   0   5

[100 rows x 1534 columns]

该粗糙集所有条件属性的一个约简为：
 [193, 332, 363, 397, 458, 471, 542, 593, 609, 616, 627, 630, 646, 690, 696, 703, 711, 714, 744, 750, 767, 771, 781, 811, 812, 863, 864, 886, 907, 940, 969, 970, 999, 1009, 1015, 1017, 1028, 1033, 1042, 1052, 1065, 1077, 1088, 1092, 1114, 1121, 1123, 1149, 1174, 1211, 1221, 1259, 1262, 1284, 1290, 1305, 1363, 1364, 1414, 1438, 1472, 1517, 1526]

对应的关键词为：
求职 水平 协会 运营 科研 分析 法学院 选题 银行 学生 方法 工商 校园 业务 补课 元旦 处理 培育 采购 中央 招 募 公选 卫生 出版 网络 换届选举 测试 恢复 选择 查收 流程 获奖名单 土木工程专业 全省 细则 附中 领导班子 传感 化学实验 征文比赛 选修课 重修 传媒 签约 作用 教程 小时 冠军 地铁 著作 人力 填写 光纤 周五 观看 汇报 法国 篮球 移动 混凝 集中 教育研究 意向

[193, 332, 363, 397, 458, 471, 542, 593, 609, 616, 627, 630, 646, 690, 696, 703, 711, 714, 744, 750, 767, 771, 781, 811, 812, 863, 864, 886, 907, 940, 969, 970, 999, 1009, 1015, 1017, 1028, 1033, 1042, 1052, 1065, 1077, 1088, 1092, 1114, 1121, 1123, 1149, 1174, 1211, 1221, 1259, 1262, 1284, 1290, 1305, 1363, 1364, 1414, 1438, 1472, 1517, 1526]
处理第19个数据集
    2019年  祖国  总支  题为  大湾  金属  2019年度  校区  社会工作  ...  股份有限公司  意向  2014年度  2013  连续  三年  思想政治教育  校庆  年会
0       0   0   0   0   0   0       0   0     0  ...       0   0       0     0   0   0       0   0   1
0       0   0   0   0   0   0       0   0     0  ...       0   0       0     0   0   0       0   0   2
0       0   0   0   0   0   0       0   0     0  ...       0   0       0     0   0   0       0   0   2
0       0   0   0   0   0   0       0   0     0  ...       0   0       0     0   0   0       0   0   6
0       0   0   0   0   0   0       0   0     0  ...       0   0       0     0   0   0       0   0   2
..    ...  ..  ..  ..  ..  ..     ...  ..   ...  ...     ...  ..     ...   ...  ..  ..     ...  ..  ..
1       0   0   0   0   0   0       0   0     0  ...       0   0       0     0   0   0       0   0   6
0       0   0   0   0   0   1       0   0     0  ...       0   0       0     0   0   0       0   0   5
0       0   0   0   0   0   0       0   0     0  ...       0   0       0     0   0   0       0   0   6
0       0   0   0   0   0   0       0   0     0  ...       0   0       0     0   0   0       0   0   3
0       0   0   0   0   0   0       0   0     0  ...       0   0       0     0   0   0       0   0   3

[100 rows x 1534 columns]

该粗糙集所有条件属性的一个约简为：
 [70, 314, 413, 424, 449, 459, 464, 556, 613, 616, 640, 653, 663, 668, 692, 696, 698, 699, 714, 719, 728, 734, 745, 750, 764, 781, 792, 804, 811, 831, 832, 850, 853, 865, 877, 883, 886, 898, 914, 932, 940, 961, 963, 969, 1054, 1088, 1104, 1123, 1149, 1186, 1221, 1235, 1259, 1287, 1299, 1350, 1492, 1493]

对应的关键词为：
二十一 委员 政府 物业 指引 学习 后勤 实务 调停 学生 共建 图像 军训 教材 国务院 补课 仪式 平台 培育 人民  会议 鹏程 上报 中央 授权 卫生 奖金 今年 出版 颁发 结题 任课 合同 创业 军事 案例 恢复 产业 招聘信息 故事  查收 中国政治 现状 流程 志愿者 传媒 升旗仪式 小时 冠军 热点 人力 多媒体 填写 医学院 澳大利亚 南区 秘书 科技大学

[70, 314, 413, 424, 449, 459, 464, 556, 613, 616, 640, 653, 663, 668, 692, 696, 698, 699, 714, 719, 728, 734, 745, 750, 764, 781, 792, 804, 811, 831, 832, 850, 853, 865, 877, 883, 886, 898, 914, 932, 940, 961, 963, 969, 1054, 1088, 1104, 1123, 1149, 1186, 1221, 1235, 1259, 1287, 1299, 1350, 1492, 1493]
处理第20个数据集
    2019年  祖国  总支  题为  大湾  金属  2019年度  校区  社会工作  ...  股份有限公司  意向  2014年度  2013  连续  三年  思想政治教育  校庆  年会
0       0   0   0   0   0   0       0   0     0  ...       0   0       0     0   0   0       0   0   1
0       0   0   0   0   0   0       0   0     0  ...       0   0       0     0   0   0       0   0   1
0       0   0   0   0   0   0       0   0     0  ...       0   0       0     0   0   0       0   0   4
0       0   0   0   0   0   0       0   0     0  ...       0   0       0     0   0   0       0   0   2
0       0   0   0   0   0   1       0   0     0  ...       0   0       0     0   0   0       0   0   3
..    ...  ..  ..  ..  ..  ..     ...  ..   ...  ...     ...  ..     ...   ...  ..  ..     ...  ..  ..
0       0   0   0   0   0   0       0   0     0  ...       0   0       0     0   0   0       0   0   3
0       0   0   0   0   0   0       0   0     0  ...       0   0       0     0   0   0       0   0   2
0       0   0   0   0   0   0       0   0     0  ...       0   0       0     0   0   0       0   0   2
0       0   0   0   0   0   0       0   0     0  ...       0   0       0     0   0   0       0   0   2
0       0   0   0   0   0   0       0   0     0  ...       0   0       0     0   0   0       0   0   3

[100 rows x 1534 columns]

该粗糙集所有条件属性的一个约简为：
 [464, 484, 545, 609, 646, 653, 671, 679, 694, 703, 711, 719, 745, 750, 773, 781, 806, 840, 870, 883, 885, 886, 890, 914, 917, 931, 937, 1007, 1010, 1015, 1024, 1033, 1042, 1067, 1077, 1080, 1149, 1204, 1219, 1224, 1235, 1259, 1273, 1280, 1284, 1324, 1326, 1329, 1342, 1345, 1371, 1384, 1426, 1453, 1485, 1489, 1500]

对应的关键词为：
后勤 观赛 线路 银行 校园 图像 日语 筑梦 决赛 元旦 处理 人民 上报 中央 知识 卫生 思想 政治 健康 案例 宣讲 会 恢复 报道 招聘信息 2015年度 文科 毕业典礼 欢迎 继续 细则 读书 传感 化学实验 生物医学工程 重修 行动 冠 军 目录 签署 人生 多媒体 填写 国际商务 规定 周五 介绍 毕业论文答辩 检索 手续 新生 会场 征稿 推介 招标 成 长 普通话水平测试 医保

[464, 484, 545, 609, 646, 653, 671, 679, 694, 703, 711, 719, 745, 750, 773, 781, 806, 840, 870, 883, 885, 886, 890, 914, 917, 931, 937, 1007, 1010, 1015, 1024, 1033, 1042, 1067, 1077, 1080, 1149, 1204, 1219, 1224, 1235, 1259, 1273, 1280, 1284, 1324, 1326, 1329, 1342, 1345, 1371, 1384, 1426, 1453, 1485, 1489, 1500]
处理第21个数据集
    2019年  祖国  总支  题为  大湾  金属  2019年度  校区  社会工作  ...  股份有限公司  意向  2014年度  2013  连续  三年  思想政治教育  校庆  年会
0       0   0   0   0   0   0       0   0     0  ...       0   0       0     0   0   0       0   0   4
0       0   0   0   0   0   0       0   0     0  ...       0   0       0     0   0   0       0   0   2
0       0   0   0   0   0   1       0   0     0  ...       0   0       0     0   0   0       0   0   2
0       0   0   0   0   0   0       0   0     0  ...       0   0       0     0   0   0       0   0   2
0       0   0   0   0   0   0       0   0     0  ...       0   0       0     0   0   0       0   0   2
..    ...  ..  ..  ..  ..  ..     ...  ..   ...  ...     ...  ..     ...   ...  ..  ..     ...  ..  ..
0       0   0   0   0   0   0       0   0     0  ...       0   0       0     0   0   0       0   0   4
0       0   0   0   0   0   0       0   0     0  ...       0   0       0     0   0   0       0   0   6
0       0   0   0   0   0   0       0   0     0  ...       0   0       0     0   0   0       0   0   1
0       0   0   0   0   0   0       0   0     0  ...       0   0       0     0   0   0       0   0   2
0       0   0   0   0   0   0       0   0     0  ...       0   0       0     0   0   0       0   0   1

[100 rows x 1534 columns]

该粗糙集所有条件属性的一个约简为：
 [424, 473, 484, 495, 616, 646, 657, 671, 679, 700, 742, 745, 750, 765, 781, 804, 883, 886, 922, 932, 940, 948, 961, 970, 990, 1008, 1010, 1012, 1020, 1052, 1077, 1104, 1133, 1134, 1136, 1149, 1161, 1183, 1184, 1197, 1213, 1235, 1240, 1262, 1284, 1298, 1303, 1371, 1372, 1389, 1409, 1415, 1420, 1453, 1454, 1469, 1495, 1507, 1525]

对应的关键词为：
物业 趋势 观赛 中华 学生 校园 应邀 日语 筑梦 结果 技能 上报 中央 毕业生 卫生 今年 案例 恢复 网站 故事 查 收 保养 中国政治 获奖名单 产品 学士学位 继续 通过 停课 征文比赛 重修 升旗仪式 信息素养 答辩 缺课 冠军 交 通工程 主席 高等教育 商务 提高 多媒体 大英 光纤 周五 注意事项 投稿 会场 领取 饮食 自然科学基金 同行 爱尔 兰 招标 培训班 即将 认证 理工大学 股份有限公司

[424, 473, 484, 495, 616, 646, 657, 671, 679, 700, 742, 745, 750, 765, 781, 804, 883, 886, 922, 932, 940, 948, 961, 970, 990, 1008, 1010, 1012, 1020, 1052, 1077, 1104, 1133, 1134, 1136, 1149, 1161, 1183, 1184, 1197, 1213, 1235, 1240, 1262, 1284, 1298, 1303, 1371, 1372, 1389, 1409, 1415, 1420, 1453, 1454, 1469, 1495, 1507, 1525]
处理第22个数据集
    2019年  祖国  总支  题为  大湾  金属  2019年度  校区  社会工作  ...  股份有限公司  意向  2014年度  2013  连续  三年  思想政治教育  校庆  年会
0       0   0   0   0   0   0       0   0     0  ...       0   0       0     0   0   0       0   0   2
0       0   0   0   0   0   0       0   0     0  ...       0   0       0     0   0   0       0   0   1
0       0   0   0   0   0   0       0   0     0  ...       0   0       0     0   0   0       0   0   1
0       0   0   0   0   0   0       0   0     0  ...       0   0       0     0   0   0       0   0   1
0       0   0   0   0   0   0       0   0     0  ...       0   0       0     0   0   0       0   0   1
..    ...  ..  ..  ..  ..  ..     ...  ..   ...  ...     ...  ..     ...   ...  ..  ..     ...  ..  ..
0       0   0   0   0   0   0       0   0     0  ...       0   0       0     0   0   0       0   0   2
0       0   0   0   0   0   0       0   0     0  ...       0   0       0     0   0   0       0   0   3
0       0   0   0   0   0   0       0   0     0  ...       0   0       0     0   0   0       0   0   6
0       0   0   0   0   0   0       0   0     0  ...       0   0       0     0   0   0       0   0   2
0       0   0   0   0   0   0       0   0     0  ...       0   0       0     0   0   0       0   0   1

[100 rows x 1534 columns]

该粗糙集所有条件属性的一个约简为：
 [218, 353, 578, 590, 627, 646, 663, 664, 684, 696, 714, 729, 730, 750, 756, 795, 844, 853, 870, 885, 907, 933, 990, 992, 1008, 1030, 1054, 1102, 1117, 1154, 1214, 1240, 1245, 1268, 1271, 1332, 1334, 1339, 1360, 1364, 1380, 1383, 1398, 1401, 1419, 1476, 1492, 1517]

对应的关键词为：
智能 资格 干部 停水 方法 校园 军训 信息 签约仪式 补课 培育 缴交 大学物理实验 中央 开幕式 深大 秩序 合同  健康 宣讲会 选择 课题 产品 技术学院 学士学位 羽毛球比赛 志愿者 参与 动态 世界 科学技术 大英 电影 推迟 上 线 当代 新媒体 产学研 人物 篮球 紧急 17日 表演 开放日 职工 英语角 秘书 教育研究

[218, 353, 578, 590, 627, 646, 663, 664, 684, 696, 714, 729, 730, 750, 756, 795, 844, 853, 870, 885, 907, 933, 990, 992, 1008, 1030, 1054, 1102, 1117, 1154, 1214, 1240, 1245, 1268, 1271, 1332, 1334, 1339, 1360, 1364, 1380, 1383, 1398, 1401, 1419, 1476, 1492, 1517]
处理第23个数据集
    2019年  祖国  总支  题为  大湾  金属  2019年度  校区  社会工作  ...  股份有限公司  意向  2014年度  2013  连续  三年  思想政治教育  校庆  年会
0       0   0   0   0   0   0       0   0     0  ...       0   0       0     0   0   0       0   0   4
0       0   0   0   0   0   0       0   0     0  ...       0   0       0     0   0   0       0   0   5
0       0   0   0   0   0   0       0   0     0  ...       0   0       0     0   0   0       0   0   4
0       0   0   0   0   0   0       0   0     0  ...       0   0       0     0   0   0       0   0   2
0       0   0   0   0   0   0       0   0     0  ...       0   0       0     0   0   0       0   0   3
..    ...  ..  ..  ..  ..  ..     ...  ..   ...  ...     ...  ..     ...   ...  ..  ..     ...  ..  ..
0       0   0   0   0   0   0       0   0     0  ...       0   0       0     0   0   0       0   0   1
0       0   0   0   0   0   0       0   0     0  ...       0   0       0     0   0   0       0   0   1
0       0   0   0   0   0   0       0   0     0  ...       0   0       0     0   0   0       0   0   1
0       0   0   0   0   0   0       0   0     0  ...       0   0       0     0   0   0       0   0   1
0       0   0   0   0   0   0       0   0     0  ...       0   0       0     0   0   0       0   0   1

[100 rows x 1534 columns]

该粗糙集所有条件属性的一个约简为：
 [441, 449, 464, 482, 590, 600, 616, 627, 671, 696, 705, 713, 727, 739, 750, 756, 766, 781, 811, 832, 870, 920, 937, 939, 940, 945, 950, 956, 963, 1008, 1010, 1013, 1019, 1034, 1065, 1073, 1077, 1080, 1096, 1114, 1137, 1157, 1166, 1178, 1186, 1209, 1221, 1225, 1245, 1257, 1280, 1282, 1289, 1399, 1401, 1431, 1451, 1492, 1493, 1522]

对应的关键词为：
工作坊 指引 后勤 2015年 停水 党校 学生 方法 日语 补课 天下 韩国 期中考试 羽毛球 中央 开幕式 餐厅 卫生 出 版 结题 健康 实验室 毕业典礼 试用 查收 入选 数据 城乡规划 现状 学士学位 继续 高层次 调查 返校 选修课 入学 重修 行动 生物学 作用 应届毕业生 深港 志愿 学术交流 热点 保卫 人力 方案 电影 摄影 规定 外国文学 辩论 原 创 开放日 基础教育 开学 秘书 科技大学 学生公寓

[441, 449, 464, 482, 590, 600, 616, 627, 671, 696, 705, 713, 727, 739, 750, 756, 766, 781, 811, 832, 870, 920, 937, 939, 940, 945, 950, 956, 963, 1008, 1010, 1013, 1019, 1034, 1065, 1073, 1077, 1080, 1096, 1114, 1137, 1157, 1166, 1178, 1186, 1209, 1221, 1225, 1245, 1257, 1280, 1282, 1289, 1399, 1401, 1431, 1451, 1492, 1493, 1522]
处理第24个数据集
    2019年  祖国  总支  题为  大湾  金属  2019年度  校区  社会工作  ...  股份有限公司  意向  2014年度  2013  连续  三年  思想政治教育  校庆  年会
0       0   0   0   0   0   0       0   0     0  ...       0   0       0     0   0   0       0   0   1
0       0   0   0   0   0   0       0   0     0  ...       0   0       0     0   0   0       0   0   3
0       0   0   0   0   0   0       0   0     0  ...       0   0       0     0   0   0       0   0   2
0       0   0   0   0   0   0       0   0     0  ...       0   0       0     0   0   0       0   0   1
0       0   0   0   0   0   0       0   0     0  ...       0   0       0     0   0   0       0   0   6
..    ...  ..  ..  ..  ..  ..     ...  ..   ...  ...     ...  ..     ...   ...  ..  ..     ...  ..  ..
0       0   0   0   0   0   0       0   0     0  ...       0   0       0     0   0   0       0   0   5
0       0   0   0   0   0   0       0   0     0  ...       0   0       0     0   0   0       0   0   2
0       0   0   0   0   0   0       0   0     0  ...       0   0       0     0   0   0       0   0   4
0       0   0   0   0   0   0       0   0     0  ...       0   0       0     0   0   0       0   0   3
0       0   0   0   0   0   0       0   0     0  ...       0   0       0     0   0   0       0   0   3

[100 rows x 1534 columns]

该粗糙集所有条件属性的一个约简为：
 [459, 488, 497, 516, 532, 576, 589, 646, 653, 747, 750, 760, 802, 804, 849, 864, 883, 885, 932, 956, 961, 1002, 1003, 1009, 1015, 1042, 1124, 1132, 1138, 1184, 1195, 1209, 1214, 1219, 1233, 1235, 1259, 1267, 1271, 1319, 1320, 1323, 1364, 1372, 1381, 1401, 1404, 1408, 1447, 1454, 1460, 1471, 1474, 1477, 1503]

对应的关键词为：
学习 大学 化学 成像 香港基本法 秋季 财政 校园 图像 结束 中央 受理 学术会议 今年 视频 测试 案例 宣讲会 故 事 城乡规划 中国政治 国家奖学金 留学生 全省 细则 化学实验 论文 法律 教育部 高等教育 发布会 保卫 科学技术 签署 接访 多媒体 填写 毕业生就业 上线 创业园 2月 杂志 篮球 领取 宿舍 开放日 人选 中国梦 研究生就业 培训班 高交会 教师资格 临床医学 消毒 柏林

[459, 488, 497, 516, 532, 576, 589, 646, 653, 747, 750, 760, 802, 804, 849, 864, 883, 885, 932, 956, 961, 1002, 1003, 1009, 1015, 1042, 1124, 1132, 1138, 1184, 1195, 1209, 1214, 1219, 1233, 1235, 1259, 1267, 1271, 1319, 1320, 1323, 1364, 1372, 1381, 1401, 1404, 1408, 1447, 1454, 1460, 1471, 1474, 1477, 1503]
处理第25个数据集
    2019年  祖国  总支  题为  大湾  金属  2019年度  校区  社会工作  ...  股份有限公司  意向  2014年度  2013  连续  三年  思想政治教育  校庆  年会
0       0   0   0   0   0   0       0   0     0  ...       0   0       0     0   0   0       0   0   6
0       0   0   0   0   0   0       0   0     0  ...       0   0       0     0   0   0       0   0   6
0       0   0   0   0   0   0       0   0     0  ...       0   0       0     0   0   0       0   0   2
0       0   0   0   0   0   0       0   0     0  ...       0   0       0     0   0   0       0   0   1
0       0   0   0   0   0   0       0   0     1  ...       0   0       0     0   0   0       0   0   6
..    ...  ..  ..  ..  ..  ..     ...  ..   ...  ...     ...  ..     ...   ...  ..  ..     ...  ..  ..
0       0   0   0   0   0   0       0   0     0  ...       0   0       0     0   0   0       0   0   6
0       0   0   0   0   0   0       0   0     0  ...       0   0       0     0   0   0       0   0   1
0       0   0   0   0   0   0       0   0     0  ...       0   0       0     0   0   0       0   0   6
0       0   0   0   0   0   0       0   0     0  ...       0   0       0     0   0   0       0   0   6
0       0   0   0   0   0   0       0   0     0  ...       0   0       0     0   0   0       0   0   1

[100 rows x 1534 columns]

该粗糙集所有条件属性的一个约简为：
 [456, 488, 520, 521, 623, 654, 696, 721, 739, 744, 747, 750, 766, 790, 804, 827, 829, 834, 853, 870, 881, 883, 886, 915, 919, 932, 963, 978, 990, 1015, 1020, 1045, 1067, 1077, 1078, 1123, 1154, 1178, 1195, 1235, 1250, 1252, 1259, 1271, 1280, 1321, 1341, 1359, 1362, 1364, 1397, 1408, 1450, 1474, 1493, 1503]

对应的关键词为：
综合 大学 学杂费 科学 简历 经济学院 补课 纳米 羽毛球 采购 结束 中央 餐厅 激光 今年 土木工程 体育场 保障  合同 健康 兼任 案例 恢复 党员 城乡 故事 现状 招聘会 产品 细则 停课 推免生 生物医学工程 重修 暂停 小时 世 界 学术交流 发布会 多媒体 报考 运作 填写 上线 规定 查询 加州大学 简章 辩论赛 篮球 离校 中国梦 好日子 临床医学 科技大学 柏林

[456, 488, 520, 521, 623, 654, 696, 721, 739, 744, 747, 750, 766, 790, 804, 827, 829, 834, 853, 870, 881, 883, 886, 915, 919, 932, 963, 978, 990, 1015, 1020, 1045, 1067, 1077, 1078, 1123, 1154, 1178, 1195, 1235, 1250, 1252, 1259, 1271, 1280, 1321, 1341, 1359, 1362, 1364, 1397, 1408, 1450, 1474, 1493, 1503]
处理第26个数据集
   2019年  祖国  总支  题为  大湾  金属  2019年度  校区  社会工作  ...  股份有限公司  意向  2014年度  2013  连续  三年  思想政治教育  校庆  年会
0      0   0   0   0   0   0       0   0     0  ...       0   0       0     0   0   0       0   0   1
1      0   0   0   0   0   0       0   0     0  ...       0   0       0     0   0   0       0   0   6
0      0   0   0   0   0   0       0   0     0  ...       0   0       0     0   0   0       0   0   6
0      0   0   0   0   0   0       0   0     0  ...       0   0       0     0   0   0       0   0   6
0      0   0   0   0   0   0       0   0     0  ...       0   0       0     0   0   0       0   0   6
0      0   0   0   0   0   0       0   0     0  ...       0   0       0     0   0   0       0   0   2
0      0   0   0   0   0   0       0   0     0  ...       0   0       0     0   0   0       0   0   6
0      0   0   0   0   0   0       0   0     0  ...       0   0       0     0   0   0       0   0   1
0      0   0   0   0   0   0       0   0     0  ...       0   0       0     0   0   0       0   0   1
0      0   0   0   0   0   0       0   0     0  ...       0   0       0     0   0   0       0   0   3
0      0   0   0   0   0   0       0   0     0  ...       0   0       0     0   0   0       0   0   2
0      0   0   0   0   0   0       0   0     0  ...       0   0       0     0   0   0       0   0   3
0      0   0   0   0   0   0       0   0     0  ...       0   0       0     0   0   0       0   0   3
0      0   0   0   0   0   0       0   0     0  ...       0   0       0     0   0   0       0   0   3
0      0   0   0   0   0   0       0   0     0  ...       0   0       0     0   0   0       0   0   2
0      0   0   0   0   0   0       0   0     0  ...       0   0       0     0   0   0       0   0   2
0      0   0   0   0   0   1       0   0     0  ...       0   0       0     0   0   0       0   0   4
0      0   0   0   0   0   0       0   0     0  ...       0   0       0     0   0   0       0   0   3
0      0   0   0   0   0   0       0   0     0  ...       0   0       0     0   0   0       0   0   1
0      0   0   0   0   0   0       0   0     0  ...       0   0       0     0   0   0       0   0   2
0      0   0   0   0   0   0       0   0     0  ...       0   0       0     0   0   0       0   0   6
0      0   0   0   0   0   0       0   0     0  ...       0   0       0     0   0   0       0   0   4
1      0   0   0   0   0   0       0   0     0  ...       0   0       0     0   0   0       0   0   5
0      0   0   0   0   0   0       0   0     0  ...       0   0       0     0   0   0       0   0   1
0      0   0   0   0   0   0       0   0     0  ...       0   0       0     0   0   0       0   0   6
0      0   0   0   0   0   0       0   0     0  ...       0   0       0     0   0   0       0   0   4
0      0   0   0   0   0   0       0   0     0  ...       0   0       0     0   0   0       0   0   2
0      0   0   0   0   0   0       0   0     0  ...       0   0       0     0   0   0       0   0   2
0      0   0   0   0   0   0       0   0     0  ...       0   0       0     0   0   0       0   0   5
0      0   0   0   0   0   0       0   0     0  ...       0   0       0     0   0   0       0   0   2
0      0   0   0   0   0   0       0   0     0  ...       0   0       0     0   0   0       0   0   5
0      0   0   0   0   0   0       0   0     0  ...       0   0       0     0   0   0       0   0   3
0      0   0   0   0   0   0       0   0     0  ...       0   0       0     0   0   0       0   0   1
0      0   0   0   0   0   0       0   0     0  ...       0   0       0     0   0   0       0   0   3
0      0   0   0   0   0   0       0   0     0  ...       0   0       0     0   0   0       0   0   2
0      0   0   0   0   0   0       0   0     0  ...       0   0       0     0   0   0       0   0   1
0      0   0   0   0   0   0       0   0     0  ...       0   0       0     0   0   0       0   0   2
0      0   0   0   0   0   0       0   0     0  ...       0   0       0     0   0   0       0   0   2
0      0   0   0   0   0   0       0   0     0  ...       0   0       0     0   0   0       0   0   2
0      0   0   0   0   0   0       0   0     0  ...       0   0       0     0   0   0       0   0   3
0      0   0   0   0   0   0       0   0     0  ...       0   0       0     0   0   0       0   0   3
0      0   0   0   0   0   0       0   0     0  ...       0   0       0     0   0   0       0   0   6
0      0   0   0   0   0   0       0   0     0  ...       0   0       0     0   0   0       0   0   6
0      0   0   0   0   0   0       0   0     0  ...       0   0       0     0   0   0       0   0   2
0      0   0   0   0   0   0       0   0     0  ...       0   0       0     0   0   0       0   0   3
0      0   0   0   0   0   0       0   0     0  ...       0   0       0     0   0   0       0   0   3
0      0   0   0   0   0   0       0   0     0  ...       0   0       0     0   0   0       0   0   2
0      0   0   0   0   0   0       0   0     0  ...       0   0       0     0   0   0       0   0   6
0      0   0   0   0   0   0       0   0     0  ...       0   0       0     0   0   0       0   0   2
0      0   0   0   0   0   0       0   0     0  ...       0   0       0     0   0   0       0   0   3
0      0   0   0   0   0   0       0   0     0  ...       0   0       0     0   0   0       0   0   5

[51 rows x 1534 columns]

该粗糙集所有条件属性的一个约简为：
 [289, 317, 363, 488, 540, 605, 668, 703, 733, 739, 750, 785, 790, 914, 937, 940, 943, 960, 1045, 1065, 1077, 1123, 1125, 1133, 1158, 1187, 1305, 1334, 1342, 1371, 1372, 1409, 1431, 1451, 1484, 1494]

对应的关键词为：
理论 咨询 协会 大学 社会实践 同学 教材 元旦 学会 羽毛球 中央 签订 激光 招聘信息 毕业典礼 查收 工程学 有限公司 推免生 选修课 重修 小时 高等数学 信息素养 澳门 答疑 汇报 新媒体 手续 会场 领取 自然科学基金 基础教育 开学 庆典 理工

[289, 317, 363, 488, 540, 605, 668, 703, 733, 739, 750, 785, 790, 914, 937, 940, 943, 960, 1045, 1065, 1077, 1123, 1125, 1133, 1158, 1187, 1305, 1334, 1342, 1371, 1372, 1409, 1431, 1451, 1484, 1494]

耗时： 2929.5339365005493 秒


最终结果： [12, 19, 71, 194, 212, 219, 237, 282, 290, 295, 298, 315, 318, 323, 333, 353, 354, 364, 367, 374, 398, 401, 402, 407, 414, 415, 425, 427, 430, 434, 438, 442, 446, 450, 456, 457, 459, 460, 465, 472, 474, 479, 481, 483, 485, 488, 489, 491, 492, 496, 498, 504, 517, 520, 521, 522, 526, 529, 530, 533, 540, 541, 542, 543, 546, 554, 557, 560, 564, 567, 572, 574, 575, 576, 577, 579, 585, 590, 591, 592, 594, 597, 601, 605, 606, 610, 614, 616, 617, 618, 624, 627, 628, 631, 633, 641, 643, 646, 647, 654, 655, 658, 659, 664, 665, 669, 671, 672, 674, 680, 683, 685, 691, 693, 694, 695, 696, 697, 698, 699, 700, 701, 703, 704, 706, 712, 714, 715, 717, 720, 722, 723, 725, 727, 728, 729, 730, 731, 734, 735, 740, 743, 744, 745, 746, 748, 750, 751, 755, 757, 760, 761, 762, 765, 766, 767, 768, 769, 772, 774, 782, 785, 786, 791, 792, 793, 796, 798, 801, 803, 805, 807, 809, 811, 812, 813, 821, 826, 828, 830, 832, 833, 835, 841, 845, 850, 851, 854, 857, 859, 861, 863, 864, 865, 866, 871, 872, 873, 874, 878, 881, 882, 884, 885, 886, 887, 888, 891, 896, 898, 899, 902, 908, 909, 911, 912, 915, 916, 918, 920, 921, 923, 931, 932, 933, 934, 938, 940, 941, 944, 946, 948, 949, 950, 951, 957, 961, 962, 964, 966, 969, 970, 971, 973, 978, 979, 991, 993, 994, 995, 996, 1000, 1001, 1002, 1003, 1004, 1005, 1007, 1008, 1009, 1010, 1011, 1012, 1013, 1014, 1016, 1018, 1019, 1020, 1021, 1022, 1025, 1026, 1027, 1029, 1031, 1034, 1035, 1043, 1045, 1046, 1047, 1050, 1053, 1054, 1055, 1057, 1058, 1060, 1061, 1062, 1064, 1066, 1068, 1071, 1074, 1075, 1076, 1077, 1078, 1079, 1081, 1085, 1086, 1087, 1089, 1093, 1095, 1097, 1103, 1104, 1105, 1107, 1108, 1109, 1110, 1111, 1113, 1114, 1115, 1118, 1122, 1124, 1125, 1126, 1129, 1132, 1133, 1134, 1135, 1137, 1138, 1139, 1143, 1147, 1150, 1152, 1155, 1157, 1158, 1159, 1162, 1166, 1167, 1168, 1172, 1173, 1175, 1176, 1177, 1178, 1179, 1184, 1185, 1186, 1187, 1188, 1189, 1193, 1196, 1198, 1199, 1200, 1202, 1203, 1205, 1206, 1209, 1210, 1212, 1214, 1215, 1220, 1222, 1224, 1225, 1226, 1229, 1231, 1232, 1233, 1234, 1236, 1241, 1242, 1243, 1246, 1251, 1253, 1254, 1257, 1258, 1259, 1260, 1263, 1264, 1266, 1268, 1269, 1270, 1271, 1272, 1274, 1275, 1276, 1278, 1279, 1280, 1281, 1283, 1285, 1286, 1288, 1290, 1291, 1292, 1293, 1298, 1299, 1300, 1302, 1304, 1306, 1314, 1317, 1318, 1319, 1320, 1321, 1322, 1324, 1325, 1327, 1329, 1330, 1331, 1332, 1333, 1334, 1335, 1337, 1338, 1339, 1340, 1342, 1343, 1344, 1345, 1346, 1351, 1353, 1360, 1361, 1363, 1364, 1365, 1370, 1372, 1373, 1374, 1380, 1381, 1382, 1384, 1385, 1386, 1390, 1391, 1393, 1396, 1397, 1398, 1399, 1400, 1402, 1403, 1405, 1409, 1410, 1411, 1412, 1413, 1414, 1415, 1416, 1417, 1418, 1419, 1420, 1421, 1425, 1427, 1429, 1431, 1432, 1434, 1437, 1439, 1440, 1442, 1445, 1448, 1449, 1451, 1452, 1454, 1455, 1457, 1460, 1461, 1470, 1472, 1473, 1475, 1477, 1478, 1485, 1486, 1487, 1489, 1490, 1493, 1494, 1495, 1496, 1497, 1500, 1501, 1504, 1508, 1515, 1518, 1519, 1520, 1522, 1523, 1526, 1527, 1531, 1533]